<?xml version="1.0" encoding="UTF-8"?>
<!-- Generated by org.testng.reporters.JUnitReportReporter -->
<testsuite hostname="IN5CD7024P76" name="temp.ReportTest" tests="3" failures="0" timestamp="4 Aug 2019 12:59:10 GMT" time="36.242" errors="0">
  <testcase name="validlogin" time="13.810" classname="temp.ReportTest"/>
  <testcase name="invalidlogin" time="3.590" classname="temp.ReportTest"/>
  <testcase name="duplicatelogin" time="18.842" classname="temp.ReportTest"/>
</testsuite> <!-- temp.ReportTest -->
