<?xml version="1.0" encoding="UTF-8"?>
<!-- Generated by org.testng.reporters.JUnitReportReporter -->
<testsuite hostname="IN5CD7024P76" name="com.vcentry.tnstc.testcases.RegPageTest" tests="4" failures="0" timestamp="10 Aug 2019 11:15:07 GMT" time="20.661" errors="0">
  <testcase name="validateRegpage" time="1.588" classname="com.vcentry.tnstc.testcases.RegPageTest"/>
  <testcase name="validateRegpage" time="1.455" classname="com.vcentry.tnstc.testcases.RegPageTest"/>
  <testcase name="validateRegpage" time="1.366" classname="com.vcentry.tnstc.testcases.RegPageTest"/>
  <testcase name="validateRegpage" time="16.252" classname="com.vcentry.tnstc.testcases.RegPageTest"/>
</testsuite> <!-- com.vcentry.tnstc.testcases.RegPageTest -->
